[    0.000000] Linux version 4.15.0-212-generic (buildd@lcy02-amd64-083) (gcc version 7.5.0 (Ubuntu 7.5.0-3ubuntu1~18.04)) #223-Ubuntu SMP Tue May 23 13:09:22 UTC 2023 (Ubuntu 4.15.0-212.223-generic 4.15.18)
[    0.000000] Command line: BOOT_IMAGE=/boot/vmlinuz-4.15.0-212-generic root=LABEL=cloudimg-rootfs ro console=tty1 console=ttyS0
[    0.000000] KERNEL supported cpus:
[    0.000000]   Intel GenuineIntel
[    0.000000]   AMD AuthenticAMD
[    0.000000]   Centaur CentaurHauls
[    0.000000] x86/fpu: x87 FPU will use FXSAVE
[    0.000000] e820: BIOS-provided physical RAM map:
[    0.000000] BIOS-e820: [mem 0x0000000000000000-0x000000000009fbff] usable
[    0.000000] BIOS-e820: [mem 0x000000000009fc00-0x000000000009ffff] reserved
[    0.000000] BIOS-e820: [mem 0x00000000000f0000-0x00000000000fffff] reserved
[    0.000000] BIOS-e820: [mem 0x0000000000100000-0x000000007ffeffff] usable
[    0.000000] BIOS-e820: [mem 0x000000007fff0000-0x000000007fffffff] ACPI data
[    0.000000] BIOS-e820: [mem 0x00000000fec00000-0x00000000fec00fff] reserved
[    0.000000] BIOS-e820: [mem 0x00000000fee00000-0x00000000fee00fff] reserved
[    0.000000] BIOS-e820: [mem 0x00000000fffc0000-0x00000000ffffffff] reserved
[    0.000000] NX (Execute Disable) protection: active
[    0.000000] SMBIOS 2.5 present.
[    0.000000] DMI: innotek GmbH VirtualBox/VirtualBox, BIOS VirtualBox 12/01/2006
[    0.000000] Hypervisor detected: KVM
[    0.000000] e820: last_pfn = 0x7fff0 max_arch_pfn = 0x400000000
[    0.000000] MTRR: Disabled
[    0.000000] x86/PAT: MTRRs disabled, skipping PAT initialization too.
[    0.000000] CPU MTRRs all blank - virtualized system.
[    0.000000] x86/PAT: Configuration [0-7]: WB  WT  UC- UC  WB  WT  UC- UC  
[    0.000000] found SMP MP-table at [mem 0x0009fff0-0x0009ffff]
[    0.000000] Scanning 1 areas for low memory corruption
[    0.000000] RAMDISK: [mem 0x359cb000-0x36cdcfff]
[    0.000000] ACPI: Early table checksum verification disabled
[    0.000000] ACPI: RSDP 0x00000000000E0000 000024 (v02 VBOX  )
[    0.000000] ACPI: XSDT 0x000000007FFF0030 00003C (v01 VBOX   VBOXXSDT 00000001 ASL  00000061)
[    0.000000] ACPI: FACP 0x000000007FFF00F0 0000F4 (v04 VBOX   VBOXFACP 00000001 ASL  00000061)
[    0.000000] ACPI: DSDT 0x000000007FFF0610 002353 (v02 VBOX   VBOXBIOS 00000002 INTL 20100528)
[    0.000000] ACPI: FACS 0x000000007FFF0200 000040
[    0.000000] ACPI: FACS 0x000000007FFF0200 000040
[    0.000000] ACPI: APIC 0x000000007FFF0240 00005C (v02 VBOX   VBOXAPIC 00000001 ASL  00000061)
[    0.000000] ACPI: SSDT 0x000000007FFF02A0 00036C (v01 VBOX   VBOXCPUT 00000002 INTL 20100528)
[    0.000000] ACPI: Reserving FACP table memory at [mem 0x7fff00f0-0x7fff01e3]
[    0.000000] ACPI: Reserving DSDT table memory at [mem 0x7fff0610-0x7fff2962]
[    0.000000] ACPI: Reserving FACS table memory at [mem 0x7fff0200-0x7fff023f]
[    0.000000] ACPI: Reserving FACS table memory at [mem 0x7fff0200-0x7fff023f]
[    0.000000] ACPI: Reserving APIC table memory at [mem 0x7fff0240-0x7fff029b]
[    0.000000] ACPI: Reserving SSDT table memory at [mem 0x7fff02a0-0x7fff060b]
[    0.000000] No NUMA configuration found
[    0.000000] Faking a node at [mem 0x0000000000000000-0x000000007ffeffff]
[    0.000000] NODE_DATA(0) allocated [mem 0x7ffc5000-0x7ffeffff]
[    0.000000] kvm-clock: cpu 0, msr 0:7ff44001, primary cpu clock
[    0.000000] kvm-clock: Using msrs 4b564d01 and 4b564d00
[    0.000000] kvm-clock: using sched offset of 7411458099 cycles
[    0.000000] clocksource: kvm-clock: mask: 0xffffffffffffffff max_cycles: 0x1cd42e4dffb, max_idle_ns: 881590591483 ns
[    0.000000] Zone ranges:
[    0.000000]   DMA      [mem 0x0000000000001000-0x0000000000ffffff]
[    0.000000]   DMA32    [mem 0x0000000001000000-0x000000007ffeffff]
[    0.000000]   Normal   empty
[    0.000000]   Device   empty
[    0.000000] Movable zone start for each node
[    0.000000] Early memory node ranges
[    0.000000]   node   0: [mem 0x0000000000001000-0x000000000009efff]
[    0.000000]   node   0: [mem 0x0000000000100000-0x000000007ffeffff]
[    0.000000] Reserved but unavailable: 104 pages
[    0.000000] Initmem setup node 0 [mem 0x0000000000001000-0x000000007ffeffff]
[    0.000000] ACPI: PM-Timer IO Port: 0x4008
[    0.000000] IOAPIC[0]: apic_id 2, version 32, address 0xfec00000, GSI 0-23
[    0.000000] ACPI: INT_SRC_OVR (bus 0 bus_irq 0 global_irq 2 dfl dfl)
[    0.000000] ACPI: INT_SRC_OVR (bus 0 bus_irq 9 global_irq 9 low level)
[    0.000000] Using ACPI (MADT) for SMP configuration information
[    0.000000] smpboot: Allowing 2 CPUs, 0 hotplug CPUs
[    0.000000] PM: Registered nosave memory: [mem 0x00000000-0x00000fff]
[    0.000000] PM: Registered nosave memory: [mem 0x0009f000-0x0009ffff]
[    0.000000] PM: Registered nosave memory: [mem 0x000a0000-0x000effff]
[    0.000000] PM: Registered nosave memory: [mem 0x000f0000-0x000fffff]
[    0.000000] e820: [mem 0x80000000-0xfebfffff] available for PCI devices
[    0.000000] Booting paravirtualized kernel on KVM
[    0.000000] clocksource: refined-jiffies: mask: 0xffffffff max_cycles: 0xffffffff, max_idle_ns: 7645519600211568 ns
[    0.000000] setup_percpu: NR_CPUS:8192 nr_cpumask_bits:2 nr_cpu_ids:2 nr_node_ids:1
[    0.000000] percpu: Embedded 50 pages/cpu s167936 r8192 d28672 u1048576
[    0.000000] PV qspinlock hash table entries: 256 (order: 0, 4096 bytes)
[    0.000000] Built 1 zonelists, mobility grouping on.  Total pages: 515961
[    0.000000] Policy zone: DMA32
[    0.000000] Kernel command line: BOOT_IMAGE=/boot/vmlinuz-4.15.0-212-generic root=LABEL=cloudimg-rootfs ro console=tty1 console=ttyS0
[    0.000000] Memory: 2014836K/2096696K available (12300K kernel code, 2477K rwdata, 4324K rodata, 2480K init, 2720K bss, 81860K reserved, 0K cma-reserved)
[    0.000000] SLUB: HWalign=64, Order=0-3, MinObjects=0, CPUs=2, Nodes=1
[    0.000000] Kernel/User page tables isolation: enabled
[    0.000000] ftrace: allocating 39508 entries in 155 pages
[    0.004000] Hierarchical RCU implementation.
[    0.004000] 	RCU restricting CPUs from NR_CPUS=8192 to nr_cpu_ids=2.
[    0.004000] 	Tasks RCU enabled.
[    0.004000] RCU: Adjusting geometry for rcu_fanout_leaf=16, nr_cpu_ids=2
[    0.004000] NR_IRQS: 524544, nr_irqs: 440, preallocated irqs: 16
[    0.004000] random: crng init done
[    0.004000] Console: colour VGA+ 80x25
[    0.004000] console [tty1] enabled
[    0.004000] console [ttyS0] enabled
[    0.004000] ACPI: Core revision 20170831
[    0.004000] ACPI: 2 ACPI AML tables successfully acquired and loaded
[    0.004000] APIC: Switch to symmetric I/O mode setup
[    0.004000] ..TIMER: vector=0x30 apic1=0 pin1=2 apic2=-1 pin2=-1
[    0.004013] tsc: Detected 2712.000 MHz processor
[    0.008000] Calibrating delay loop (skipped) preset value.. 5424.00 BogoMIPS (lpj=10848000)
[    0.008009] pid_max: default: 32768 minimum: 301
[    0.012098] Security Framework initialized
[    0.016000] Yama: becoming mindful.
[    0.016122] AppArmor: AppArmor initialized
[    0.028000] Dentry cache hash table entries: 262144 (order: 9, 2097152 bytes)
[    0.032000] Inode-cache hash table entries: 131072 (order: 8, 1048576 bytes)
[    0.032209] Mount-cache hash table entries: 4096 (order: 3, 32768 bytes)
[    0.040175] Mountpoint-cache hash table entries: 4096 (order: 3, 32768 bytes)
[    0.048000] Last level iTLB entries: 4KB 128, 2MB 8, 4MB 8
[    0.048011] Last level dTLB entries: 4KB 64, 2MB 0, 4MB 0, 1GB 4
[    0.052009] Spectre V1 : Mitigation: usercopy/swapgs barriers and __user pointer sanitization
[    0.056011] Spectre V2 : Mitigation: Retpolines
[    0.060011] Spectre V2 : Spectre v2 / SpectreRSB mitigation: Filling RSB on context switch
[    0.064008] Spectre V2 : Spectre v2 / SpectreRSB : Filling RSB on VMEXIT
[    0.068009] RETBleed: WARNING: Spectre v2 mitigation leaves CPU vulnerable to RETBleed attacks, data leaks possible!
[    0.072006] RETBleed: Vulnerable
[    0.076012] Speculative Store Bypass: Vulnerable
[    0.080144] MDS: Mitigation: Clear CPU buffers
[    0.084010] MMIO Stale Data: Mitigation: Clear CPU buffers
[    0.088010] SRBDS: Unknown: Dependent on hypervisor status
[    0.092357] Freeing SMP alternatives memory: 36K
[    0.296015] APIC calibration not consistent with PM-Timer: 288ms instead of 100ms
[    0.300000] APIC delta adjusted to PM-Timer: 6249995 (18001025)
[    0.308000] smpboot: CPU0: Intel(R) Core(TM) i5-6400 CPU @ 2.70GHz (family: 0x6, model: 0x5e, stepping: 0x3)
[    0.308000] Performance Events: unsupported p6 CPU model 94 no PMU driver, software events only.
[    0.316381] Hierarchical SRCU implementation.
[    0.320959] NMI watchdog: Perf event create on CPU 0 failed with -2
[    0.324009] NMI watchdog: Perf NMI watchdog permanently disabled
[    0.328490] smp: Bringing up secondary CPUs ...
[    0.338042] x86: Booting SMP configuration:
[    0.340010] .... node  #0, CPUs:      #1
[    0.004000] kvm-clock: cpu 1, msr 0:7ff44041, secondary cpu clock
[    0.368000] TSC synchronization [CPU#0 -> CPU#1]:
[    0.368000] Measured 359700 cycles TSC warp between CPUs, turning off TSC clock.
[    0.368000] tsc: Marking TSC unstable due to check_tsc_sync_source failed
[    0.376019] smp: Brought up 1 node, 2 CPUs
[    0.380022] smpboot: Max logical packages: 1
[    0.384014] smpboot: Total of 2 processors activated (10848.00 BogoMIPS)
[    0.392010] devtmpfs: initialized
[    0.400012] x86/mm: Memory block size: 128MB
[    0.409021] evm: security.selinux
[    0.412009] evm: security.SMACK64
[    0.416012] evm: security.SMACK64EXEC
[    0.420031] evm: security.SMACK64TRANSMUTE
[    0.424009] evm: security.SMACK64MMAP
[    0.428010] evm: security.apparmor
[    0.432010] evm: security.ima
[    0.436006] evm: security.capability
[    0.444673] clocksource: jiffies: mask: 0xffffffff max_cycles: 0xffffffff, max_idle_ns: 7645041785100000 ns
[    0.448037] futex hash table entries: 512 (order: 3, 32768 bytes)
[    0.452248] pinctrl core: initialized pinctrl subsystem
[    0.460703] RTC time: 16:59:02, date: 06/06/24
[    0.488940] NET: Registered protocol family 16
[    0.495379] audit: initializing netlink subsys (disabled)
[    0.500194] audit: type=2000 audit(1717693149.240:1): state=initialized audit_enabled=0 res=1
[    0.528015] cpuidle: using governor ladder
[    0.532000] cpuidle: using governor menu
[    0.532000] ACPI: bus type PCI registered
[    0.532000] acpiphp: ACPI Hot Plug PCI Controller Driver version: 0.5
[    0.536000] PCI: Using configuration type 1 for base access
[    0.544161] HugeTLB registered 2.00 MiB page size, pre-allocated 0 pages
[    0.556836] ACPI: Added _OSI(Module Device)
[    0.572008] ACPI: Added _OSI(Processor Device)
[    0.588009] ACPI: Added _OSI(3.0 _SCP Extensions)
[    0.604016] ACPI: Added _OSI(Processor Aggregator Device)
[    0.624019] ACPI: Added _OSI(Linux-Dell-Video)
[    0.640016] ACPI: Added _OSI(Linux-Lenovo-NV-HDMI-Audio)
[    0.660014] ACPI: Added _OSI(Linux-HPI-Hybrid-Graphics)
[    0.672326] ACPI: Executed 1 blocks of module-level executable AML code
[    0.705088] ACPI: Interpreter enabled
[    0.724069] ACPI: (supports S0 S5)
[    0.732011] ACPI: Using IOAPIC for interrupt routing
[    0.752546] PCI: Using host bridge windows from ACPI; if necessary, use "pci=nocrs" and report a bug
[    0.788349] ACPI: Enabled 2 GPEs in block 00 to 07
[    0.936052] ACPI: PCI Root Bridge [PCI0] (domain 0000 [bus 00-ff])
[    0.968022] acpi PNP0A03:00: _OSC: OS supports [ASPM ClockPM Segments MSI]
[    1.017305] acpi PNP0A03:00: _OSC: not requesting OS control; OS requires [ExtendedConfig ASPM ClockPM MSI]
[    1.064044] acpi PNP0A03:00: fail to add MMCONFIG information, can't access extended PCI configuration space under this bridge.
[    1.116000] PCI host bridge to bus 0000:00
[    1.132011] pci_bus 0000:00: root bus resource [io  0x0000-0x0cf7 window]
[    1.160020] pci_bus 0000:00: root bus resource [io  0x0d00-0xffff window]
[    1.184011] pci_bus 0000:00: root bus resource [mem 0x000a0000-0x000bffff window]
[    1.216016] pci_bus 0000:00: root bus resource [mem 0x80000000-0xfdffffff window]
[    1.244011] pci_bus 0000:00: root bus resource [bus 00-ff]
[    1.304013] pci 0000:00:01.1: legacy IDE quirk: reg 0x10: [io  0x01f0-0x01f7]
[    1.332008] pci 0000:00:01.1: legacy IDE quirk: reg 0x14: [io  0x03f6]
[    1.356012] pci 0000:00:01.1: legacy IDE quirk: reg 0x18: [io  0x0170-0x0177]
[    1.380052] pci 0000:00:01.1: legacy IDE quirk: reg 0x1c: [io  0x0376]
[    1.548009] pci 0000:00:07.0: quirk: [io  0x4000-0x403f] claimed by PIIX4 ACPI
[    1.648083] pci 0000:00:07.0: quirk: [io  0x4100-0x410f] claimed by PIIX4 SMB
[    1.773863] ACPI: PCI Interrupt Link [LNKA] (IRQs 5 9 10 *11)
[    1.800786] ACPI: PCI Interrupt Link [LNKB] (IRQs 5 9 *10 11)
[    1.826111] ACPI: PCI Interrupt Link [LNKC] (IRQs 5 *9 10 11)
[    1.853769] ACPI: PCI Interrupt Link [LNKD] (IRQs 5 9 10 *11)
[    1.860000] SCSI subsystem initialized
[    1.864318] pci 0000:00:02.0: vgaarb: setting as boot VGA device
[    1.868000] pci 0000:00:02.0: vgaarb: VGA device added: decodes=io+mem,owns=io+mem,locks=none
[    1.868015] pci 0000:00:02.0: vgaarb: bridge control possible
[    1.876008] vgaarb: loaded
[    1.880077] ACPI: bus type USB registered
[    1.884102] usbcore: registered new interface driver usbfs
[    1.888089] usbcore: registered new interface driver hub
[    1.892027] usbcore: registered new device driver usb
[    1.897250] EDAC MC: Ver: 3.0.0
[    1.908219] PCI: Using ACPI for IRQ routing
[    1.913319] NetLabel: Initializing
[    1.916012] NetLabel:  domain hash size = 128
[    1.920011] NetLabel:  protocols = UNLABELED CIPSOv4 CALIPSO
[    1.924503] NetLabel:  unlabeled traffic allowed by default
[    1.948011] clocksource: Switched to clocksource kvm-clock
[    1.972618] VFS: Disk quotas dquot_6.6.0
[    1.972618] VFS: Dquot-cache hash table entries: 512 (order 0, 4096 bytes)
[    1.972618] AppArmor: AppArmor Filesystem Enabled
[    1.972618] pnp: PnP ACPI init
[    1.972618] pnp: PnP ACPI: found 3 devices
[    2.329497] clocksource: acpi_pm: mask: 0xffffff max_cycles: 0xffffff, max_idle_ns: 2085701024 ns
[    2.332419] NET: Registered protocol family 2
[    2.332419] IP idents hash table entries: 32768 (order: 6, 262144 bytes)
[    2.388229] TCP established hash table entries: 16384 (order: 5, 131072 bytes)
[    2.405020] TCP bind hash table entries: 16384 (order: 6, 262144 bytes)
[    2.420919] TCP: Hash tables configured (established 16384 bind 16384)
[    2.423261] UDP hash table entries: 1024 (order: 3, 32768 bytes)
[    2.423261] UDP-Lite hash table entries: 1024 (order: 3, 32768 bytes)
[    2.423261] NET: Registered protocol family 1
[    2.423261] pci 0000:00:00.0: Limiting direct PCI/PCI transfers
[    2.423261] pci 0000:00:01.0: Activating ISA DMA hang workarounds
[    2.423261] pci 0000:00:02.0: Video device with shadowed ROM at [mem 0x000c0000-0x000dffff]
[    2.423261] Unpacking initramfs...
[    5.697266] Freeing initrd memory: 19528K
[    5.697266] clocksource: tsc: mask: 0xffffffffffffffff max_cycles: 0x2717868ea45, max_idle_ns: 440795316085 ns
[    5.939106] platform rtc_cmos: registered platform RTC device (no PNP device found)
[    5.942842] Scanning for low memory corruption every 60 seconds
[    5.974845] Initialise system trusted keyrings
[    5.975676] Key type blacklist registered
[    5.998395] workingset: timestamp_bits=36 max_order=19 bucket_order=0
[    6.002353] zbud: loaded
[    6.039525] squashfs: version 4.0 (2009/01/31) Phillip Lougher
[    6.050975] fuse init (API version 7.26)
[    6.107551] Key type asymmetric registered
[    6.115890] Asymmetric key parser 'x509' registered
[    6.130546] Block layer SCSI generic (bsg) driver version 0.4 loaded (major 246)
[    6.144715] io scheduler noop registered
[    6.156739] io scheduler deadline registered
[    6.177303] io scheduler cfq registered (default)
[    6.269977] ACPI: AC Adapter [AC] (on-line)
[    6.340249] input: Power Button as /devices/LNXSYSTM:00/LNXPWRBN:00/input/input0
[    6.405518] ACPI: Power Button [PWRF]
[    6.416412] input: Sleep Button as /devices/LNXSYSTM:00/LNXSLPBN:00/input/input1
[    6.434025] ACPI: Sleep Button [SLPF]
[    6.443437] Serial: 8250/16550 driver, 32 ports, IRQ sharing enabled
[    6.573393] 00:02: ttyS0 at I/O 0x3f8 (irq = 4, base_baud = 115200) is a 16550A
[    6.596476] Linux agpgart interface v0.103
[    6.652262] loop: module loaded
[    6.670348] scsi host0: ata_piix
[    6.680108] scsi host1: ata_piix
[    6.690036] ata1: PATA max UDMA/33 cmd 0x1f0 ctl 0x3f6 bmdma 0xd000 irq 14
[    6.704275] ata2: PATA max UDMA/33 cmd 0x170 ctl 0x376 bmdma 0xd008 irq 15
[    6.717955] tun: Universal TUN/TAP device driver, 1.6
[    6.733338] PPP generic driver version 2.4.2
[    6.742776] ehci_hcd: USB 2.0 'Enhanced' Host Controller (EHCI) Driver
[    6.746507] ehci-pci: EHCI PCI platform driver
[    6.746507] ehci-platform: EHCI generic platform driver
[    6.746507] ohci_hcd: USB 1.1 'Open' Host Controller (OHCI) Driver
[    6.808751] ohci-pci: OHCI PCI platform driver
[    6.817354] ohci-platform: OHCI generic platform driver
[    6.821179] uhci_hcd: USB Universal Host Controller Interface driver
[    6.821179] i8042: PNP: PS/2 Controller [PNP0303:PS2K,PNP0f03:PS2M] at 0x60,0x64 irq 1,12
[    7.073990] serio: i8042 KBD port at 0x60,0x64 irq 1
[    7.082033] serio: i8042 AUX port at 0x60,0x64 irq 12
[    7.098860] mousedev: PS/2 mouse device common for all mice
[    7.109714] rtc_cmos rtc_cmos: rtc core: registered rtc_cmos as rtc0
[    7.123481] rtc_cmos rtc_cmos: alarms up to one day, 114 bytes nvram
[    7.141603] i2c /dev entries driver
[    7.149885] device-mapper: uevent: version 1.0.3
[    7.182082] device-mapper: ioctl: 4.37.0-ioctl (2017-09-20) initialised: dm-devel@redhat.com
[    7.203606] ledtrig-cpu: registered to indicate activity on CPUs
[    7.220830] input: AT Translated Set 2 keyboard as /devices/platform/i8042/serio0/input/input2
[    7.241117] NET: Registered protocol family 10
[    7.352777] Segment Routing with IPv6
[    7.360506] NET: Registered protocol family 17
[    7.392642] Key type dns_resolver registered
[    7.404385] mce: Using 0 MCE banks
[    7.411587] RAS: Correctable Errors collector initialized.
[    7.420853] sched_clock: Marking stable (7420751283, 0)->(11866403720, -4445652437)
[    7.471295] registered taskstats version 1
[    7.496697] Loading compiled-in X.509 certificates
[    7.551142] Loaded X.509 cert 'Build time autogenerated kernel key: b5b26778eaa3ab3a4a6cee031137706e947d12ad'
[    7.602246] Loaded X.509 cert 'Canonical Ltd. Live Patch Signing: 14df34d1a87cf37625abec039ef2bf521249b969'
[    7.633652] Loaded X.509 cert 'Canonical Ltd. Kernel Module Signing: 88f752e560a1e0737e31163a466ad7b70a850c19'
[    7.706515] blacklist: Loading compiled-in revocation X.509 certificates
[    7.731377] Loaded X.509 cert 'Canonical Ltd. Secure Boot Signing: 61482aa2830d0ab2ad5af10b7250da9033ddcef0'
[    7.768433] Loaded X.509 cert 'Canonical Ltd. Secure Boot Signing (2017): 242ade75ac4a15e50d50c84b0d45ff3eae707a03'
[    7.825277] Loaded X.509 cert 'Canonical Ltd. Secure Boot Signing (ESM 2018): 365188c1d374d6b07c3c8f240f8ef722433d6a8b'
[    7.866851] Loaded X.509 cert 'Canonical Ltd. Secure Boot Signing (2019): c0746fd6c5da3ae827864651ad66ae47fe24b3e8'
[    7.979068] Loaded X.509 cert 'Canonical Ltd. Secure Boot Signing (2021 v1): a8d54bbb3825cfb94fa13c9f8a594a195c107b8d'
[    8.046006] Loaded X.509 cert 'Canonical Ltd. Secure Boot Signing (2021 v2): 4cf046892d6fd3c9a5b03f98d845f90851dc6a8c'
[    8.109875] Loaded X.509 cert 'Canonical Ltd. Secure Boot Signing (2021 v3): 100437bb6de6e469b581e61cd66bce3ef4ed53af'
[    8.188808] Loaded X.509 cert 'Canonical Ltd. Secure Boot Signing (Ubuntu Core 2019): c1d57b8f6b743f23ee41f4f7ee292f06eecadfb9'
[    8.217792] zswap: loaded using pool lzo/zbud
[    8.249094] Key type big_key registered
[    8.259431] Key type trusted registered
[    8.277330] Key type encrypted registered
[    8.287026] AppArmor: AppArmor sha1 policy hashing enabled
[    8.296461] ima: No TPM chip found, activating TPM-bypass! (rc=-19)
[    8.310551] ima: Allocated hash algorithm: sha1
[    8.323716] evm: HMAC attrs: 0x1
[    8.342595]   Magic number: 12:589:994
[    8.372391] rtc_cmos rtc_cmos: setting system clock to 2024-06-06 16:59:11 UTC (1717693151)
[    8.433254] BIOS EDD facility v0.16 2004-Jun-25, 0 devices found
[    8.442984] EDD information not available.
[    8.457957] Freeing unused kernel image memory: 2480K
[    8.502317] Write protecting the kernel read-only data: 20480k
[    8.517098] Freeing unused kernel image memory: 2008K
[    8.525812] Freeing unused kernel image memory: 1820K
[    8.548475] x86/mm: Checked W+X mappings: passed, no W+X pages found.
[    8.562341] x86/mm: Checking user space page tables
[    8.581905] x86/mm: Checked W+X mappings: passed, no W+X pages found.
Loading, please wait...
starting version 237
[    8.918231] Fusion MPT base driver 3.04.20
[    8.930649] Copyright (c) 1999-2008 LSI Corporation
[    8.988444] e1000: Intel(R) PRO/1000 Network Driver - version 7.3.21-k8-NAPI
[    9.002075] e1000: Copyright (c) 1999-2006 Intel Corporation.
[    9.081306] SSE version of gcm_enc/dec engaged.
[    9.102532] Fusion MPT SPI Host driver 3.04.20
[    9.319327] input: ImExPS/2 Generic Explorer Mouse as /devices/platform/i8042/serio1/input/input4
[   12.235409] e1000 0000:00:03.0 eth0: (PCI:33MHz:32-bit) 02:3b:7b:b7:3b:2d
[   12.255600] e1000 0000:00:03.0 eth0: Intel(R) PRO/1000 Network Connection
[   16.073945] e1000 0000:00:08.0 eth1: (PCI:33MHz:32-bit) 08:00:27:04:90:7b
[   16.088416] e1000 0000:00:08.0 eth1: Intel(R) PRO/1000 Network Connection
[   16.121485] mptbase: ioc0: Initiating bringup
[   16.136354] e1000 0000:00:08.0 enp0s8: renamed from eth1
[   16.229379] e1000 0000:00:03.0 enp0s3: renamed from eth0
[   16.450241] ioc0: LSI53C1030 A0: Capabilities={Initiator}
[   17.225398] scsi host2: ioc0: LSI53C1030 A0, FwRev=00000000h, Ports=1, MaxQ=256, IRQ=20
[   17.929606] scsi 2:0:0:0: Direct-Access     VBOX     HARDDISK         1.0  PQ: 0 ANSI: 5
[   17.969434] scsi target2:0:0: Beginning Domain Validation
[   17.991095] scsi target2:0:0: Domain Validation skipping write tests
[   18.005724] scsi target2:0:0: Ending Domain Validation
[   18.016638] scsi target2:0:0: asynchronous
[   18.031245] scsi 2:0:1:0: Direct-Access     VBOX     HARDDISK         1.0  PQ: 0 ANSI: 5
[   18.273332] scsi target2:0:1: Beginning Domain Validation
[   18.290767] scsi target2:0:1: Domain Validation skipping write tests
[   18.301399] scsi target2:0:1: Ending Domain Validation
[   18.311148] scsi target2:0:1: asynchronous
[   18.343124] sd 2:0:0:0: [sda] 83886080 512-byte logical blocks: (42.9 GB/40.0 GiB)
[   18.354560] sd 2:0:0:0: Attached scsi generic sg0 type 0
[   18.372350] sd 2:0:0:0: [sda] Write Protect is off
[   18.385223] sd 2:0:0:0: [sda] Incomplete mode parameter data
[   18.401595] sd 2:0:0:0: [sda] Assuming drive cache: write through
[   18.416254] sd 2:0:1:0: Attached scsi generic sg1 type 0
[   18.437456] sd 2:0:1:0: [sdb] 20480 512-byte logical blocks: (10.5 MB/10.0 MiB)
[   18.449552] sd 2:0:1:0: [sdb] Write Protect is off
[   18.461525] sd 2:0:1:0: [sdb] Incomplete mode parameter data
[   18.468302]  sda: sda1
[   18.511235] sd 2:0:1:0: [sdb] Assuming drive cache: write through
[   18.728132] sd 2:0:0:0: [sda] Attached SCSI disk
[   18.768904] sd 2:0:1:0: [sdb] Attached SCSI disk
Begin: Loading essential drivers ... [   22.810350] raid6: sse2x1   gen()  8106 MB/s
[   22.880503] raid6: sse2x1   xor()  5239 MB/s
[   22.932373] raid6: sse2x2   gen()  8833 MB/s
[   22.988105] raid6: sse2x2   xor()  6992 MB/s
[   23.068391] raid6: sse2x4   gen() 11236 MB/s
[   23.170968] raid6: sse2x4   xor()  6244 MB/s
[   23.180195] raid6: using algorithm sse2x4 gen() 11236 MB/s
[   23.192250] raid6: .... xor() 6244 MB/s, rmw enabled
[   23.199577] raid6: using ssse3x2 recovery algorithm
[   23.213218] xor: measuring software checksum speed
[   23.352050]    prefetch64-sse: 10151.000 MB/sec
[   23.602096]    generic_sse: 60918.000 MB/sec
[   23.611391] xor: using function: generic_sse (60918.000 MB/sec)
[   23.635026] async_tx: api initialized (async)
done.
Begin: Running /scripts/init-premount ... done.
Begin: Mounting root file system ... Begin: Running /scripts/local-top ... done.
Begin: Running /scripts/local-premount ... [   23.997927] Btrfs loaded, crc32c=crc32c-intel
Scanning for Btrfs filesystems
done.
Warning: fsck not present, so skipping root file system
[   24.214884] EXT4-fs (sda1): mounted filesystem with ordered data mode. Opts: (null)
done.
Begin: Running /scripts/local-bottom ... done.
Begin: Running /scripts/init-bottom ... done.
[   26.548212] ip_tables: (C) 2000-2006 Netfilter Core Team
[   26.711237] systemd[1]: systemd 237 running in system mode. (+PAM +AUDIT +SELINUX +IMA +APPARMOR +SMACK +SYSVINIT +UTMP +LIBCRYPTSETUP +GCRYPT +GNUTLS +ACL +XZ +LZ4 +SECCOMP +BLKID +ELFUTILS +KMOD -IDN2 +IDN -PCRE2 default-hierarchy=hybrid)
[   26.742214] systemd[1]: Detected virtualization oracle.
[   26.750843] systemd[1]: Detected architecture x86-64.

Welcome to [1mUbuntu 18.04.6 LTS[0m!

[   26.886152] systemd[1]: Set hostname to <ubuntu>.
[   26.933950] systemd[1]: Initializing machine ID from random generator.
[   26.945000] systemd[1]: Installed transient /etc/machine-id file.
[   29.533924] systemd[1]: Reached target User and Group Name Lookups.
[[0;32m  OK  [0m] Reached target User and Group Name Lookups.
[   29.572777] systemd[1]: Created slice User and Session Slice.
[[0;32m  OK  [0m] Created slice User and Session Slice.
[   29.585718] systemd[1]: Set up automount Arbitrary Executable File Formats File System Automount Point.
[[0;32m  OK  [0m] Set up automount Arbitrary Executab…rmats File System Automount Point.
[   29.604731] systemd[1]: Started Forward Password Requests to Wall Directory Watch.
[[0;32m  OK  [0m] Started Forward Password Requests to Wall Directory Watch.
[[0;32m  OK  [0m] Reached target Mounting snaps.
[[0;32m  OK  [0m] Created slice System Slice.
[[0;32m  OK  [0m] Listening on udev Kernel Socket.
[[0;32m  OK  [0m] Listening on Syslog Socket.
[[0;32m  OK  [0m] Listening on LVM2 metadata daemon socket.
[[0;32m  OK  [0m] Listening on Network Service Netlink Socket.
[[0;32m  OK  [0m] Listening on Device-mapper event daemon FIFOs.
[[0;32m  OK  [0m] Listening on Journal Audit Socket.
[[0;32m  OK  [0m] Listening on fsck to fsckd communication Socket.
[[0;32m  OK  [0m] Listening on Journal Socket.
         Starting Load Kernel Modules...
         Starting Set the console keyboard layout...
         Mounting Kernel Debug File System...
[[0;32m  OK  [0m] Listening on udev Control Socket.
         Starting udev Coldplug all Devices...
[[0;32m  OK  [0m] Listening on LVM2 poll daemon socket.
[[0;32m  OK  [0m] Reached target Slices.
[[0;32m  OK  [0m] Created slice system-serial\x2dgetty.slice.
[[0;32m  OK  [0m] Listening on Journal Socket (/dev/log).
         Starting Journal Service...
         Mounting POSIX Message Queue File System...
         Starting File System Check on Root Device...
         Starting Create list of required st…ce nodes for the current kernel...
         Starting Monitoring of LVM2 mirrors…ng dmeventd or progress polling...
[[0;32m  OK  [0m] Listening on /dev/initctl Compatibility Named Pipe.
         Starting Uncomplicated firewall...
[[0;32m  OK  [0m] Reached target Mounted snaps.
[[0;32m  OK  [0m] Reached target Swap.
         Mounting Huge Pages File System...
[[0;32m  OK  [0m] Reached target System Time Synchronized.
[[0;32m  OK  [0m] Mounted POSIX Message Queue File System.
[[0;32m  OK  [0m] Mounted Kernel Debug File System.
[[0;32m  OK  [0m] Mounted Huge Pages File System.
[[0;32m  OK  [0m] Started udev Coldplug all Devices.
[[0;32m  OK  [0m] Started File System Check Daemon to report status.
[[0;32m  OK  [0m] Started Create list of required sta…vice nodes for the current kernel.
         Starting Create Static Device Nodes in /dev...
[[0;32m  OK  [0m] Started Journal Service.
[   30.350875] Loading iSCSI transport class v2.0-870.
[[0;32m  OK  [0m] Started Uncomplicated firewall.
[   31.070345] iscsi: registered transport (tcp)
[[0;32m  OK  [0m] Started File System Check on Root Device.
         Starting Remount Root and Kernel File Systems...
[[0;32m  OK  [0m] Started LVM2 metadata daemon.
[[0;32m  OK  [0m] Started Create Static Device Nodes in /dev.
[   31.456210] EXT4-fs (sda1): re-mounted. Opts: (null)
[[0;32m  OK  [0m] Started Remount Root and Kernel File Systems.
         Starting udev Kernel Device Manager...
         Starting Load/Save Random Seed...
         Starting Flush Journal to Persistent Storage...
[[0;32m  OK  [0m] Started Monitoring of LVM2 mirrors,…sing dmeventd or progress polling.
[[0;32m  OK  [0m] Started Load/Save Random Seed.
[   31.956496] systemd-journald[416]: Received request to flush runtime journal from PID 1
[[0;32m  OK  [0m] Started udev Kernel Device Manager.
[   32.563273] iscsi: registered transport (iser)
[[0;32m  OK  [0m] Started Load Kernel Modules.
         Starting Apply Kernel Variables...
         Mounting FUSE Control File System...
         Mounting Kernel Configuration File System...
[[0;32m  OK  [0m] Mounted FUSE Control File System.
[[0;32m  OK  [0m] Mounted Kernel Configuration File System.
[[0;32m  OK  [0m] Started Flush Journal to Persistent Storage.
[[0;32m  OK  [0m] Started Apply Kernel Variables.
[[0;32m  OK  [0m] Found device /dev/ttyS0.
[[0;32m  OK  [0m] Listening on Load/Save RF Kill Switch Status /dev/rfkill Watch.
[[0;32m  OK  [0m] Started Set the console keyboard layout.
[[0;32m  OK  [0m] Reached target Local File Systems (Pre).
[[0;32m  OK  [0m] Reached target Local File Systems.
         Starting ebtables ruleset management...
         Starting Set console font and keymap...
         Starting Tell Plymouth To Write Out Runtime Data...
         Starting Create Volatile Files and Directories...
         Starting AppArmor initialization...
         Starting Commit a transient machine-id on disk...
[[0;32m  OK  [0m] Started Dispatch Password Requests to Console Directory Watch.
[[0;32m  OK  [0m] Reached target Local Encrypted Volumes.
[[0;32m  OK  [0m] Started Tell Plymouth To Write Out Runtime Data.
[[0;32m  OK  [0m] Started Create Volatile Files and Directories.
         Starting Update UTMP about System Boot/Shutdown...
         Mounting Arbitrary Executable File Formats File System...
[[0;32m  OK  [0m] Mounted Arbitrary Executable File Formats File System.
[[0;32m  OK  [0m] Started Update UTMP about System Boot/Shutdown.
[[0;32m  OK  [0m] Started Commit a transient machine-id on disk.
[[0;32m  OK  [0m] Started ebtables ruleset management.
[[0;32m  OK  [0m] Started AppArmor initialization.
         Starting Load AppArmor profiles managed internally by snapd...
         Starting Initial cloud-init job (pre-networking)...
[[0;32m  OK  [0m] Started Load AppArmor profiles managed internally by snapd.
[[0;32m  OK  [0m] Started Set console font and keymap.
[   48.947992] cloud-init[788]: Cloud-init v. 23.1.2-0ubuntu0~18.04.1 running 'init-local' at Thu, 06 Jun 2024 16:59:50 +0000. Up 47.73 seconds.
[[0;32m  OK  [0m] Started Initial cloud-init job (pre-networking).
[[0;32m  OK  [0m] Reached target Network (Pre).
         Starting Network Service...
[[0;32m  OK  [0m] Started Network Service.
         Starting Wait for Network to be Configured...
         Starting Network Name Resolution...
[[0;32m  OK  [0m] Started Network Name Resolution.
[[0;32m  OK  [0m] Reached target Network.
[[0;32m  OK  [0m] Reached target Host and Network Name Lookups.
[[0;32m  OK  [0m] Started Wait for Network to be Configured.
         Starting Initial cloud-init job (metadata service crawler)...
[   51.897299] cloud-init[945]: Cloud-init v. 23.1.2-0ubuntu0~18.04.1 running 'init' at Thu, 06 Jun 2024 16:59:54 +0000. Up 51.66 seconds.
[   51.907716] cloud-init[945]: ci-info: ++++++++++++++++++++++++++++++++++++++Net device info+++++++++++++++++++++++++++++++++++++++
[   51.916583] cloud-init[945]: ci-info: +--------+-------+----------------------------+---------------+--------+-------------------+
[   51.922576] cloud-init[945]: ci-info: | Device |   Up  |          Address           |      Mask     | Scope  |     Hw-Address    |
[   51.929789] cloud-init[945]: ci-info: +--------+-------+----------------------------+---------------+--------+-------------------+
[   51.935769] cloud-init[945]: ci-info: | enp0s3 |  True |         10.0.2.15          | 255.255.255.0 | global | 02:3b:7b:b7:3b:2d |
[   51.941460] cloud-init[945]: ci-info: | enp0s3 |  True | fe80::3b:7bff:feb7:3b2d/64 |       .       |  link  | 02:3b:7b:b7:3b:2d |
[   51.947728] cloud-init[945]: ci-info: | enp0s8 | False |             .              |       .       |   .    | 08:00:27:04:90:7b |
[   51.953701] cloud-init[945]: ci-info: |   lo   |  True |         127.0.0.1          |   255.0.0.0   |  host  |         .         |
[   51.962167] cloud-init[945]: ci-info: |   lo   |  True |          ::1/128           |       .       |  host  |         .         |
[   51.967969] cloud-init[945]: ci-info: +--------+-------+----------------------------+---------------+--------+-------------------+
[   51.973983] cloud-init[945]: ci-info: ++++++++++++++++++++++++++++Route IPv4 info+++++++++++++++++++++++++++++
[   51.979173] cloud-init[945]: ci-info: +-------+-------------+----------+-----------------+-----------+-------+
[   51.985243] cloud-init[945]: ci-info: | Route | Destination | Gateway  |     Genmask     | Interface | Flags |
[   51.990272] cloud-init[945]: ci-info: +-------+-------------+----------+-----------------+-----------+-------+
[   51.995904] cloud-init[945]: ci-info: |   0   |   0.0.0.0   | 10.0.2.2 |     0.0.0.0     |   enp0s3  |   UG  |
[   52.001199] cloud-init[945]: ci-info: |   1   |   10.0.2.0  | 0.0.0.0  |  255.255.255.0  |   enp0s3  |   U   |
[   52.007876] cloud-init[945]: ci-info: |   2   |   10.0.2.2  | 0.0.0.0  | 255.255.255.255 |   enp0s3  |   UH  |
[   52.013622] cloud-init[945]: ci-info: +-------+-------------+----------+-----------------+-----------+-------+
[   52.018778] cloud-init[945]: ci-info: +++++++++++++++++++Route IPv6 info+++++++++++++++++++
[   52.022430] cloud-init[945]: ci-info: +-------+-------------+---------+-----------+-------+
[   52.028636] cloud-init[945]: ci-info: | Route | Destination | Gateway | Interface | Flags |
[   52.033518] cloud-init[945]: ci-info: +-------+-------------+---------+-----------+-------+
[   52.038521] cloud-init[945]: ci-info: |   1   |  fe80::/64  |    ::   |   enp0s3  |   U   |
[   52.042186] cloud-init[945]: ci-info: |   3   |    local    |    ::   |   enp0s3  |   U   |
[   52.046902] cloud-init[945]: ci-info: |   4   |   ff00::/8  |    ::   |   enp0s3  |   U   |
[   52.050568] cloud-init[945]: ci-info: +-------+-------------+---------+-----------+-------+
[   54.783332] cloud-init[945]: Generating public/private rsa key pair.
[   54.797371] cloud-init[945]: Your identification has been saved in /etc/ssh/ssh_host_rsa_key.
[   54.821419] cloud-init[945]: Your public key has been saved in /etc/ssh/ssh_host_rsa_key.pub.
[   54.831576] cloud-init[945]: The key fingerprint is:
[   54.851295] cloud-init[945]: SHA256:glKPVCok8Jvw6H6zhaZF7PDDcvLPzCNsceGhj9UCCro root@ubuntu-bionic
[   54.856255] cloud-init[945]: The key's randomart image is:
[   54.859260] cloud-init[945]: +---[RSA 2048]----+
[   54.861828] cloud-init[945]: |+ .   .          |
[   54.865473] cloud-init[945]: | +   o           |
[   54.867652] cloud-init[945]: |. o +            |
[   54.869936] cloud-init[945]: |.+.B *           |
[   54.873051] cloud-init[945]: |+.*o* * S        |
[   54.876745] cloud-init[945]: |o.*+.= o         |
[   54.880001] cloud-init[945]: | =.X*..          |
[   54.882873] cloud-init[945]: |E OB*o           |
[   54.886184] cloud-init[945]: | ooo==.          |
[   54.888507] cloud-init[945]: +----[SHA256]-----+
[   54.890654] cloud-init[945]: Generating public/private dsa key pair.
[   54.894702] cloud-init[945]: Your identification has been saved in /etc/ssh/ssh_host_dsa_key.
[   54.899325] cloud-init[945]: Your public key has been saved in /etc/ssh/ssh_host_dsa_key.pub.
[   54.903834] cloud-init[945]: The key fingerprint is:
[   54.908053] cloud-init[945]: SHA256:hHOL7M8MRTssbmgEWLukjCxJ58Apb1mQ06lAbSPdPYo root@ubuntu-bionic
[   54.913196] cloud-init[945]: The key's randomart image is:
[   54.915944] cloud-init[945]: +---[DSA 1024]----+
[   54.918333] cloud-init[945]: |..=o...          |
[   54.921554] cloud-init[945]: |o++Bo. +         |
[   54.923752] cloud-init[945]: |o**++ + =        |
[   54.927025] cloud-init[945]: |*==E o B o       |
[   54.929493] cloud-init[945]: |=o=.. + S        |
[   54.931715] cloud-init[945]: |.. . + o .       |
[   54.934651] cloud-init[945]: |    o =          |
[   54.937001] cloud-init[945]: |   . . =         |
[   54.939126] cloud-init[945]: |        +        |
[   54.942141] cloud-init[945]: +----[SHA256]-----+
[   54.944677] cloud-init[945]: Generating public/private ecdsa key pair.
[   54.948638] cloud-init[945]: Your identification has been saved in /etc/ssh/ssh_host_ecdsa_key.
[   54.952542] cloud-init[945]: Your public key has been saved in /etc/ssh/ssh_host_ecdsa_key.pub.
[   54.957450] cloud-init[945]: The key fingerprint is:
[   54.959738] cloud-init[945]: SHA256:noPxBUM8sugKXrCFYsGNS9p5C1g9KnQblEqNUgxpJFo root@ubuntu-bionic
[   54.965097] cloud-init[945]: The key's randomart image is:
[   54.967691] cloud-init[945]: +---[ECDSA 256]---+
[   54.970528] cloud-init[945]: |=*Eo.  ..        |
[   54.972789] cloud-init[945]: |=@o*o ..o        |
[   54.975695] cloud-init[945]: |O+*ooo oo.       |
[   54.978317] cloud-init[945]: |=*=oo .  o       |
[   54.980816] cloud-init[945]: |o.++ .. S .      |
[   54.983635] cloud-init[945]: |.. .o  = o       |
[   54.986279] cloud-init[945]: |....  . =        |
[   54.988552] cloud-init[945]: | ..      .       |
[   54.991264] cloud-init[945]: |                 |
[   54.994150] cloud-init[945]: +----[SHA256]-----+
[   55.001371] cloud-init[945]: Generating public/private ed25519 key pair.
[   55.010042] cloud-init[945]: Your identification has been saved in /etc/ssh/ssh_host_ed25519_key.
[   55.019157] cloud-init[945]: Your public key has been saved in /etc/ssh/ssh_host_ed25519_key.pub.[[0;32m  OK  [0m] Started Initial cloud-init job (metadata service crawler).
[[0;32m  OK  [0m] Reached target System Initialization.
[[0;32m  OK  [0m] Started Discard unused blocks once a week.
[[0;32m  OK  [0m] Started Daily apt download activities.
[[0;32m  OK  [0m] Started Daily apt upgrade and clean activities.

[   55.043632] cloud-init[945]: The key fingerprint is:
[   55.051413] cloud-init[[0;32m  OK  [0m] Started ACPI Events Check.
[[0;32m  OK  [0m] Started Ubuntu Advantage Timer for running repeated jobs.
[945]: SHA256:+OtNoPGE2GQYSRGAY0GOwogflOamS6UNvs66q4LjIz4 root@ubuntu-bionic
         Starting LXD - unix socket.
[[0;32m  OK  [0m] Started Message of the Day.
[[0;32m  OK  [0m] Reached target Paths.
[   55.070985] cloud-init[945]: The key's randomart image is:
[   55.087291] cloud-init[945]: +--[ED25519 256]--+
[[0;32m  OK  [0m] Listening on D-Bus System Message Bus Socket.
[[0;32m  OK  [0m] Listening on Open-iSCSI iscsid Socket.
[[0;32m  OK  [0m] Started Daily Cleanup of Temporary Directories.
[[0;32m  OK  [0m] Reached target Timers.
[[0;32m  OK  [0m] Listening on ACPID Listen Socket.
[[0;32m  OK  [0m] Listening on cloud-init hotplug hook socket.
[   55.109017]          Starting Socket activation for snappy daemon.
[[0;32m  OK  [0m] Listening on UUID daemon activation socket.
[[0;32m  OK  [0m] Reached target Cloud-config availability.
[[0;32m  OK  [0m] Reached target Network is Online.
         Starting Availability of block devices...
[[0;32m  OK  [0m] Reached target Remote File Systems (Pre).
[[0;32m  OK  [0m] Reached target Remote File Systems.
[[0;32m  OK  [0m] Listening on LXD - unix socket.
[[0;32m  OK  [0m] Listening on Socket activation for snappy daemon.
[[0;32m  OK  [0m] Reached target Sockets.
[[0;32m  OK  [0m] Reached target Basic System.
[[0;32m  OK  [0m] Reached target Login Prompts (Pre).
[[0;32m  OK  [0m] Started irqbalance daemon.
[[0;32m  OK  [0m] Started FUSE filesystem for LXC.
         Starting Pollinate to seed the pseudo random number generator...
[[0;32m  OK  [0m] Started Deferred execution scheduler.
         Starting Snap Daemon...
         Starting LSB: automatic crash report generation...
         Starting LSB: Record successful boot for GRUB...
         Starting LXD - container startup/shutdown...
         Starting Dispatcher daemon for systemd-networkd...
         Starting Login Service...
         Starting Permit User Sessions...
         Starting Virtualbox guest utils...
         Starting Accounts Service...
cloud-init[945]: |.+++=+           |
[   55.186672]          Starting System Logging Service...
cloud-init[945]: |Ooo .o           |
[   55.192273] cloud-init[945]: |**. . o          |
[   55.195199] cloud-init[945]: |.ooo = o         |
[   55.198686] cloud-init[945]: |.o* . = S        |
[   55.201429] cloud-init[945]: |.+ .   * .       |
[   55.203580] cloud-init[945]: |o..   . o .      |
[   55.206467] cloud-init[945]: |BE       +       |
[   55.209311] cloud-init[945]: |&Oo    .o .      |
[   55.212412] cloud-init[945]: +----[SHA256]-----+
[[0;32m  OK  [0m] Started Regular background program processing daemon.
[[0;32m  OK  [0m] Started D-Bus System Message Bus.
[[0;32m  OK  [0m] Started Login Service.
[[0;32m  OK  [0m] Started Unattended Upgrades Shutdown.
[[0;32m  OK  [0m] Started System Logging Service.
[[0;32m  OK  [0m] Started Availability of block devices.
[[0;32m  OK  [0m] Started Permit User Sessions.
         Starting Terminate Plymouth Boot Screen...
         Starting Hold until boot process finishes up...
[[0;32m  OK  [0m] Started Terminate Plymouth Boot Screen.
[[0;32m  OK  [0m] Started Hold until boot process finishes up.
[[0;32m  OK  [0m] Started Serial Getty on ttyS0.
         Starting Set console scheme...
[[0;32m  OK  [0m] Started LSB: automatic crash report generation.
[[0;32m  OK  [0m] Started Set console scheme.
[[0;32m  OK  [0m] Created slice system-getty.slice.
[[0;32m  OK  [0m] Started Getty on tty1.
[[0;32m  OK  [0m] Reached target Login Prompts.
         Starting Authorization Manager...
[[0;32m  OK  [0m] Started LSB: Record successful boot for GRUB.

Ubuntu 18.04.6 LTS ubuntu-bionic ttyS0

ubuntu-bionic login: [   86.208057] cloud-init[1597]: Cloud-init v. 23.1.2-0ubuntu0~18.04.1 running 'modules:config' at Thu, 06 Jun 2024 17:00:23 +0000. Up 79.97 seconds.
ci-info: no authorized SSH keys fingerprints found for user ubuntu.
<14>Jun  6 17:00:31 cloud-init: #############################################################
<14>Jun  6 17:00:31 cloud-init: -----BEGIN SSH HOST KEY FINGERPRINTS-----
<14>Jun  6 17:00:31 cloud-init: 1024 SHA256:hHOL7M8MRTssbmgEWLukjCxJ58Apb1mQ06lAbSPdPYo root@ubuntu-bionic (DSA)
<14>Jun  6 17:00:31 cloud-init: 256 SHA256:noPxBUM8sugKXrCFYsGNS9p5C1g9KnQblEqNUgxpJFo root@ubuntu-bionic (ECDSA)
<14>Jun  6 17:00:31 cloud-init: 256 SHA256:+OtNoPGE2GQYSRGAY0GOwogflOamS6UNvs66q4LjIz4 root@ubuntu-bionic (ED25519)
<14>Jun  6 17:00:31 cloud-init: 2048 SHA256:glKPVCok8Jvw6H6zhaZF7PDDcvLPzCNsceGhj9UCCro root@ubuntu-bionic (RSA)
<14>Jun  6 17:00:31 cloud-init: -----END SSH HOST KEY FINGERPRINTS-----
<14>Jun  6 17:00:31 cloud-init: #############################################################
-----BEGIN SSH HOST KEY KEYS-----
ecdsa-sha2-nistp256 AAAAE2VjZHNhLXNoYTItbmlzdHAyNTYAAAAIbmlzdHAyNTYAAABBBN897q6bp1Z0fBhB7pym6gyjn/Y4evmoOUb93oaNCZq4IQBiOFWG3BCxd/sW3QDd0cwzfDLpUHkmFcdB+sWDpkE= root@ubuntu-bionic
ssh-ed25519 AAAAC3NzaC1lZDI1NTE5AAAAIAAzxEXgm5WqE8McCR+DzrJqHX756lieFNI/+cSsm891 root@ubuntu-bionic
ssh-rsa AAAAB3NzaC1yc2EAAAADAQABAAABAQC5G+BzM84Aobvw5oTmmuKXloFVxuiAFt7Ot3uHSzUYuNjMJG8lISGviiKu7eC0mrG4TpWYP+c8GUwfZBr5rng9+2F9ddWuqWn2gxxm3CvmgKnu1bjC1xFq3sStrjU5DGLybKUMoUTAntxFWlsE5eht537UT2ym4DDEHmezW6SYOgcgX7VKRJOyHyTMiZhEzfjA3g0PIyGnrADOceRx8xshIOPoSYpTiJjE7q6QuJNhHXd0vkEXhpmmsHtA8AGuatKcMCLfQcNsC1JlMcQdW1UKRRU2+unLvgKC5SIOZfsmqIF5R7rUcYBTDvrXEKNZeFbHSm0+Y7dXAhiEeOtP1Ak3 root@ubuntu-bionic
-----END SSH HOST KEY KEYS-----
[   88.079822] cloud-init[1848]: Cloud-init v. 23.1.2-0ubuntu0~18.04.1 running 'modules:final' at Thu, 06 Jun 2024 17:00:30 +0000. Up 87.33 seconds.
[   88.081185] cloud-init[1848]: Cloud-init v. 23.1.2-0ubuntu0~18.04.1 finished at Thu, 06 Jun 2024 17:00:31 +0000. Datasource DataSourceNoCloud [seed=/dev/sdb][dsmode=net].  Up 88.06 seconds
